Arguments: 
  /usr/bin/node /usr/local/bin/yarn add -D @types/mobx

PATH: 
  /home/romaro/.vscode-server/bin/74b1f979648cc44d385a2286793c226e611f59e7/bin/remote-cli:/home/romaro/.local/bin:/home/romaro/bin:/usr/local/bin:/usr/bin:/usr/local/sbin:/usr/sbin

Yarn version: 
  1.22.19

Node version: 
  16.8.0

Platform: 
  linux x64

Trace: 
  Error: https://registry.yarnpkg.com/@types%2fmobx: Not found
      at Request.params.callback [as _callback] (/usr/local/lib/node_modules/yarn/lib/cli.js:66145:18)
      at Request.self.callback (/usr/local/lib/node_modules/yarn/lib/cli.js:140890:22)
      at Request.emit (node:events:394:28)
      at Request.<anonymous> (/usr/local/lib/node_modules/yarn/lib/cli.js:141862:10)
      at Request.emit (node:events:394:28)
      at IncomingMessage.<anonymous> (/usr/local/lib/node_modules/yarn/lib/cli.js:141784:12)
      at Object.onceWrapper (node:events:513:28)
      at IncomingMessage.emit (node:events:406:35)
      at endReadableNT (node:internal/streams/readable:1343:12)
      at processTicksAndRejections (node:internal/process/task_queues:83:21)

npm manifest: 
  {
    "name": "mobx",
    "version": "1.0.0",
    "main": "index.js",
    "author": "Roman Rodin <romaro83@gmail.com>",
    "license": "MIT",
    "dependencies": {
      "mobx": "^6.6.2"
    }
  }

yarn manifest: 
  No manifest

Lockfile: 
  # THIS IS AN AUTOGENERATED FILE. DO NOT EDIT THIS FILE DIRECTLY.
  # yarn lockfile v1
  
  
  mobx@^6.6.2:
    version "6.6.2"
    resolved "https://registry.yarnpkg.com/mobx/-/mobx-6.6.2.tgz#9d9102a0e337e3fc09cb2d8ca0c6f00b61270d5a"
    integrity sha512-IOpS0bf3+hXIhDIy+CmlNMBfFpAbHS0aVHcNC+xH/TFYEKIIVDKNYRh9eKlXuVfJ1iRKAp0cRVmO145CyJAMVQ==
